        -:    0:Source:messages.c
        -:    0:Graph:messages.gcno
        -:    0:Data:messages.gcda
        -:    0:Runs:10
        -:    1:#include <stdio.h>
        -:    2:
        -:    3:/**
        -:    4: * Prints to stdout the proper usage of the convert utility
        -:    5: * Arguments: none
        -:    6: * Outputs: Prints to stdout
        -:    7: * Returns: none
        -:    8: */
        4:    9:void print_usage() {
        4:   10:    fprintf(stderr, "Usage: convert [-b BASE] [-r START FINISH]\n");
        4:   11:    fprintf(stderr, "       1 < BASE < 37\n");
        4:   12:    fprintf(stderr, "       START and FINISH are long integers\n");
        4:   13:}
        -:   14:
        -:   15:/**
        -:   16: * Prints to stdout the detailed help page
        -:   17: * Arguments: none
        -:   18: * Outputs: Prints to stdout
        -:   19: * Returns: none
        -:   20: */
        1:   21:void print_help() {
        1:   22:    printf("Usage: convert [-b BASE] [-r START FINISH]\n");
        1:   23:    printf("\n");
        1:   24:    printf("Arguments: \n");
        1:   25:    printf(" BASE        The new radix (base) that inputs will be converted to.\n");
        1:   26:    printf("             Can range from 2 to 36 (inclusive), default value of 16\n");
        1:   27:    printf(" START       A long integer, representing the starting range\n");
        1:   28:    printf(" FINISH      A long integer, representing the ending range\n");
        1:   29:    printf("\n");
        1:   30:    printf("Flags: \n");
        1:   31:    printf(" --help      A linux style help, the one you are currently reading\n");
        1:   32:    printf(" -b          Use specified BASE as conversion base\n");
        1:   33:    printf(" -r          Output conversions of integers in the specified START AND FINISH range\n");
        1:   34:}
